gmake[2]: *** [test/CMakeFiles/test_kinematics_plugin.dir/build.make:76: test/CMakeFiles/test_kinematics_plugin.dir/test_kinematics_plugin.cpp.o] 中断
gmake[1]: *** [CMakeFiles/Makefile2:398: test/CMakeFiles/test_kinematics_plugin.dir/all] 中断
gmake: *** [Makefile:146: all] 中断
